# JRE version: Java(TM) SE Runtime Environment (21.0.4+8) (build 21.0.4+8-LTS-274)
# Java VM: Java HotSpot(TM) 64-Bit Server VM (21.0.4+8-LTS-274, mixed mode, sharing, tiered, compressed oops, compressed class ptrs, g1 gc, windows-amd64)
GC Precious Log:
 CardTable entry size: 512
 Card Set container configuration: InlinePtr #cards 5 size 8 Array Of Cards #cards 12 size 40 Howl #buckets 4 coarsen threshold 1843 Howl Bitmap #cards 512 size 80 coarsen threshold 460 Card regions per heap region 1 cards per card region 2048
 CPUs: 4 total, 4 available
 Memory: 7587M
 Large Page Support: Disabled
 NUMA Support: Disabled
 Compressed Oops: Enabled (32-bit)
 Heap Region Size: 1M
 Heap Min Capacity: 8M
 Heap Initial Capacity: 120M
 Heap Max Capacity: 1898M
 Pre-touch: Disabled
 Parallel Workers: 4
 Concurrent Workers: 1
 Concurrent Refinement Workers: 4
 Periodic GC: Disabled
Heap:
 garbage-first heap   total 65536K, used 41178K [0x0000000089600000, 0x0000000100000000)
  region size 1024K, 14 young (14336K), 2 survivors (2048K)
 Metaspace       used 61730K, committed 62400K, reserved 1114112K
  class space    used 8318K, committed 8640K, reserved 1048576K
GC Heap History (20 events):
Event: 1.577 GC heap before
{Heap before GC invocations=1 (full 0):
 garbage-first heap   total 122880K, used 21056K [0x0000000089600000, 0x0000000100000000)
  region size 1024K, 13 young (13312K), 2 survivors (2048K)
 Metaspace       used 7060K, committed 7232K, reserved 1114112K
  class space    used 824K, committed 896K, reserved 1048576K
}
Event: 1.582 GC heap after
{Heap after GC invocations=2 (full 0):
 garbage-first heap   total 122880K, used 11003K [0x0000000089600000, 0x0000000100000000)
  region size 1024K, 2 young (2048K), 2 survivors (2048K)
 Metaspace       used 7060K, committed 7232K, reserved 1114112K
  class space    used 824K, committed 896K, reserved 1048576K
}
Event: 2.441 GC heap before
{Heap before GC invocations=2 (full 0):
 garbage-first heap   total 122880K, used 41723K [0x0000000089600000, 0x0000000100000000)
  region size 1024K, 33 young (33792K), 2 survivors (2048K)
 Metaspace       used 15090K, committed 15424K, reserved 1114112K
  class space    used 1953K, committed 2112K, reserved 1048576K
}
Event: 2.445 GC heap after
{Heap after GC invocations=3 (full 0):
 garbage-first heap   total 122880K, used 13109K [0x0000000089600000, 0x0000000100000000)
  region size 1024K, 4 young (4096K), 4 survivors (4096K)
 Metaspace       used 15090K, committed 15424K, reserved 1114112K
  class space    used 1953K, committed 2112K, reserved 1048576K
}
Event: 3.090 GC heap before
{Heap before GC invocations=3 (full 0):
 garbage-first heap   total 122880K, used 42805K [0x0000000089600000, 0x0000000100000000)
  region size 1024K, 35 young (35840K), 4 survivors (4096K)
 Metaspace       used 21166K, committed 21504K, reserved 1114112K
  class space    used 2651K, committed 2816K, reserved 1048576K
}
Event: 3.099 GC heap after
{Heap after GC invocations=4 (full 0):
 garbage-first heap   total 122880K, used 16665K [0x0000000089600000, 0x0000000100000000)
  region size 1024K, 7 young (7168K), 7 survivors (7168K)
 Metaspace       used 21166K, committed 21504K, reserved 1114112K
  class space    used 2651K, committed 2816K, reserved 1048576K
}
Event: 4.224 GC heap before
{Heap before GC invocations=5 (full 0):
 garbage-first heap   total 65536K, used 47385K [0x0000000089600000, 0x0000000100000000)
  region size 1024K, 38 young (38912K), 7 survivors (7168K)
 Metaspace       used 25310K, committed 25728K, reserved 1114112K
  class space    used 3188K, committed 3392K, reserved 1048576K
}
Event: 4.238 GC heap after
{Heap after GC invocations=6 (full 0):
 garbage-first heap   total 65536K, used 19687K [0x0000000089600000, 0x0000000100000000)
  region size 1024K, 4 young (4096K), 4 survivors (4096K)
 Metaspace       used 25310K, committed 25728K, reserved 1114112K
  class space    used 3188K, committed 3392K, reserved 1048576K
}
Event: 5.591 GC heap before
{Heap before GC invocations=6 (full 0):
 garbage-first heap   total 65536K, used 51431K [0x0000000089600000, 0x0000000100000000)
  region size 1024K, 35 young (35840K), 4 survivors (4096K)
 Metaspace       used 31894K, committed 32384K, reserved 1114112K
  class space    used 4055K, committed 4288K, reserved 1048576K
}
Event: 5.605 GC heap after
{Heap after GC invocations=7 (full 0):
 garbage-first heap   total 65536K, used 23076K [0x0000000089600000, 0x0000000100000000)
  region size 1024K, 4 young (4096K), 4 survivors (4096K)
 Metaspace       used 31894K, committed 32384K, reserved 1114112K
  class space    used 4055K, committed 4288K, reserved 1048576K
}
Event: 6.223 GC heap before
{Heap before GC invocations=7 (full 0):
 garbage-first heap   total 65536K, used 38436K [0x0000000089600000, 0x0000000100000000)
  region size 1024K, 20 young (20480K), 4 survivors (4096K)
 Metaspace       used 35492K, committed 35968K, reserved 1114112K
  class space    used 4497K, committed 4736K, reserved 1048576K
}
Event: 6.235 GC heap after
{Heap after GC invocations=8 (full 0):
 garbage-first heap   total 65536K, used 24542K [0x0000000089600000, 0x0000000100000000)
  region size 1024K, 2 young (2048K), 2 survivors (2048K)
 Metaspace       used 35492K, committed 35968K, reserved 1114112K
  class space    used 4497K, committed 4736K, reserved 1048576K
}
Event: 7.430 GC heap before
{Heap before GC invocations=9 (full 0):
 garbage-first heap   total 65536K, used 53214K [0x0000000089600000, 0x0000000100000000)
  region size 1024K, 31 young (31744K), 2 survivors (2048K)
 Metaspace       used 43027K, committed 43520K, reserved 1114112K
  class space    used 5639K, committed 5888K, reserved 1048576K
}
Event: 7.439 GC heap after
{Heap after GC invocations=10 (full 0):
 garbage-first heap   total 65536K, used 26940K [0x0000000089600000, 0x0000000100000000)
  region size 1024K, 4 young (4096K), 4 survivors (4096K)
 Metaspace       used 43027K, committed 43520K, reserved 1114112K
  class space    used 5639K, committed 5888K, reserved 1048576K
}
Event: 9.029 GC heap before
{Heap before GC invocations=10 (full 0):
 garbage-first heap   total 65536K, used 55612K [0x0000000089600000, 0x0000000100000000)
  region size 1024K, 32 young (32768K), 4 survivors (4096K)
 Metaspace       used 49814K, committed 50432K, reserved 1114112K
  class space    used 6502K, committed 6784K, reserved 1048576K
}
Event: 9.041 GC heap after
{Heap after GC invocations=11 (full 0):
 garbage-first heap   total 65536K, used 28135K [0x0000000089600000, 0x0000000100000000)
  region size 1024K, 2 young (2048K), 2 survivors (2048K)
 Metaspace       used 49814K, committed 50432K, reserved 1114112K
  class space    used 6502K, committed 6784K, reserved 1048576K
}
Event: 9.795 GC heap before
{Heap before GC invocations=11 (full 0):
 garbage-first heap   total 65536K, used 55783K [0x0000000089600000, 0x0000000100000000)
  region size 1024K, 30 young (30720K), 2 survivors (2048K)
 Metaspace       used 55877K, committed 56512K, reserved 1114112K
  class space    used 7490K, committed 7744K, reserved 1048576K
}
Event: 9.801 GC heap after
{Heap after GC invocations=12 (full 0):
 garbage-first heap   total 65536K, used 28774K [0x0000000089600000, 0x0000000100000000)
  region size 1024K, 3 young (3072K), 3 survivors (3072K)
 Metaspace       used 55877K, committed 56512K, reserved 1114112K
  class space    used 7490K, committed 7744K, reserved 1048576K
}
Event: 13.924 GC heap before
{Heap before GC invocations=12 (full 0):
 garbage-first heap   total 65536K, used 44134K [0x0000000089600000, 0x0000000100000000)
  region size 1024K, 19 young (19456K), 3 survivors (3072K)
 Metaspace       used 59664K, committed 60288K, reserved 1114112K
  class space    used 7991K, committed 8320K, reserved 1048576K
}
Event: 13.932 GC heap after
{Heap after GC invocations=13 (full 0):
 garbage-first heap   total 65536K, used 29914K [0x0000000089600000, 0x0000000100000000)
  region size 1024K, 2 young (2048K), 2 survivors (2048K)
 Metaspace       used 59664K, committed 60288K, reserved 1114112K
  class space    used 7991K, committed 8320K, reserved 1048576K
}

