# JRE version: Java(TM) SE Runtime Environment (21.0.4+8) (build 21.0.4+8-LTS-274)
# Java VM: Java HotSpot(TM) 64-Bit Server VM (21.0.4+8-LTS-274, mixed mode, sharing, tiered, compressed oops, compressed class ptrs, g1 gc, windows-amd64)
GC Precious Log:
 CardTable entry size: 512
 Card Set container configuration: InlinePtr #cards 5 size 8 Array Of Cards #cards 12 size 40 Howl #buckets 4 coarsen threshold 1843 Howl Bitmap #cards 512 size 80 coarsen threshold 460 Card regions per heap region 1 cards per card region 2048
 CPUs: 4 total, 4 available
 Memory: 7587M
 Large Page Support: Disabled
 NUMA Support: Disabled
 Compressed Oops: Enabled (32-bit)
 Heap Region Size: 1M
 Heap Min Capacity: 8M
 Heap Initial Capacity: 120M
 Heap Max Capacity: 1898M
 Pre-touch: Disabled
 Parallel Workers: 4
 Concurrent Workers: 1
 Concurrent Refinement Workers: 4
 Periodic GC: Disabled
Heap:
 garbage-first heap   total 67584K, used 46505K [0x0000000089600000, 0x0000000100000000)
  region size 1024K, 18 young (18432K), 4 survivors (4096K)
 Metaspace       used 71022K, committed 71808K, reserved 1114112K
  class space    used 9598K, committed 9920K, reserved 1048576K
GC Heap History (20 events):
Event: 5.110 GC heap before
{Heap before GC invocations=5 (full 0):
 garbage-first heap   total 55296K, used 40245K [0x0000000089600000, 0x0000000100000000)
  region size 1024K, 32 young (32768K), 7 survivors (7168K)
 Metaspace       used 24583K, committed 24960K, reserved 1114112K
  class space    used 3082K, committed 3264K, reserved 1048576K
}
Event: 5.131 GC heap after
{Heap after GC invocations=6 (full 0):
 garbage-first heap   total 55296K, used 16666K [0x0000000089600000, 0x0000000100000000)
  region size 1024K, 3 young (3072K), 3 survivors (3072K)
 Metaspace       used 24583K, committed 24960K, reserved 1114112K
  class space    used 3082K, committed 3264K, reserved 1048576K
}
Event: 6.894 GC heap before
{Heap before GC invocations=6 (full 0):
 garbage-first heap   total 55296K, used 42266K [0x0000000089600000, 0x0000000100000000)
  region size 1024K, 28 young (28672K), 3 survivors (3072K)
 Metaspace       used 29072K, committed 29568K, reserved 1114112K
  class space    used 3726K, committed 3968K, reserved 1048576K
}
Event: 6.911 GC heap after
{Heap after GC invocations=7 (full 0):
 garbage-first heap   total 55296K, used 19226K [0x0000000089600000, 0x0000000100000000)
  region size 1024K, 3 young (3072K), 3 survivors (3072K)
 Metaspace       used 29072K, committed 29568K, reserved 1114112K
  class space    used 3726K, committed 3968K, reserved 1048576K
}
Event: 8.679 GC heap before
{Heap before GC invocations=7 (full 0):
 garbage-first heap   total 55296K, used 43802K [0x0000000089600000, 0x0000000100000000)
  region size 1024K, 28 young (28672K), 3 survivors (3072K)
 Metaspace       used 34954K, committed 35520K, reserved 1114112K
  class space    used 4441K, committed 4672K, reserved 1048576K
}
Event: 8.697 GC heap after
{Heap after GC invocations=8 (full 0):
 garbage-first heap   total 55296K, used 21575K [0x0000000089600000, 0x0000000100000000)
  region size 1024K, 3 young (3072K), 3 survivors (3072K)
 Metaspace       used 34954K, committed 35520K, reserved 1114112K
  class space    used 4441K, committed 4672K, reserved 1048576K
}
Event: 9.038 GC heap before
{Heap before GC invocations=8 (full 0):
 garbage-first heap   total 55296K, used 23623K [0x0000000089600000, 0x0000000100000000)
  region size 1024K, 6 young (6144K), 3 survivors (3072K)
 Metaspace       used 35692K, committed 36160K, reserved 1114112K
  class space    used 4531K, committed 4736K, reserved 1048576K
}
Event: 9.046 GC heap after
{Heap after GC invocations=9 (full 0):
 garbage-first heap   total 66560K, used 22233K [0x0000000089600000, 0x0000000100000000)
  region size 1024K, 1 young (1024K), 1 survivors (1024K)
 Metaspace       used 35692K, committed 36160K, reserved 1114112K
  class space    used 4531K, committed 4736K, reserved 1048576K
}
Event: 11.632 GC heap before
{Heap before GC invocations=10 (full 0):
 garbage-first heap   total 66560K, used 51929K [0x0000000089600000, 0x0000000100000000)
  region size 1024K, 31 young (31744K), 1 survivors (1024K)
 Metaspace       used 43579K, committed 44160K, reserved 1114112K
  class space    used 5724K, committed 5952K, reserved 1048576K
}
Event: 11.637 GC heap after
{Heap after GC invocations=11 (full 0):
 garbage-first heap   total 66560K, used 24539K [0x0000000089600000, 0x0000000100000000)
  region size 1024K, 3 young (3072K), 3 survivors (3072K)
 Metaspace       used 43579K, committed 44160K, reserved 1114112K
  class space    used 5724K, committed 5952K, reserved 1048576K
}
Event: 12.609 GC heap before
{Heap before GC invocations=11 (full 0):
 garbage-first heap   total 66560K, used 54235K [0x0000000089600000, 0x0000000100000000)
  region size 1024K, 32 young (32768K), 3 survivors (3072K)
 Metaspace       used 51649K, committed 52224K, reserved 1114112K
  class space    used 6847K, committed 7104K, reserved 1048576K
}
Event: 12.622 GC heap after
{Heap after GC invocations=12 (full 0):
 garbage-first heap   total 66560K, used 25934K [0x0000000089600000, 0x0000000100000000)
  region size 1024K, 2 young (2048K), 2 survivors (2048K)
 Metaspace       used 51649K, committed 52224K, reserved 1114112K
  class space    used 6847K, committed 7104K, reserved 1048576K
}
Event: 13.718 GC heap before
{Heap before GC invocations=12 (full 0):
 garbage-first heap   total 66560K, used 55630K [0x0000000089600000, 0x0000000100000000)
  region size 1024K, 31 young (31744K), 2 survivors (2048K)
 Metaspace       used 57737K, committed 58368K, reserved 1114112K
  class space    used 7766K, committed 8064K, reserved 1048576K
}
Event: 13.728 GC heap after
{Heap after GC invocations=13 (full 0):
 garbage-first heap   total 66560K, used 26970K [0x0000000089600000, 0x0000000100000000)
  region size 1024K, 3 young (3072K), 3 survivors (3072K)
 Metaspace       used 57737K, committed 58368K, reserved 1114112K
  class space    used 7766K, committed 8064K, reserved 1048576K
}
Event: 22.733 GC heap before
{Heap before GC invocations=13 (full 0):
 garbage-first heap   total 66560K, used 38234K [0x0000000089600000, 0x0000000100000000)
  region size 1024K, 15 young (15360K), 3 survivors (3072K)
 Metaspace       used 60317K, committed 60928K, reserved 1114112K
  class space    used 8100K, committed 8384K, reserved 1048576K
}
Event: 22.741 GC heap after
{Heap after GC invocations=14 (full 0):
 garbage-first heap   total 66560K, used 27665K [0x0000000089600000, 0x0000000100000000)
  region size 1024K, 2 young (2048K), 2 survivors (2048K)
 Metaspace       used 60317K, committed 60928K, reserved 1114112K
  class space    used 8100K, committed 8384K, reserved 1048576K
}
Event: 24.487 GC heap before
{Heap before GC invocations=15 (full 0):
 garbage-first heap   total 66560K, used 57361K [0x0000000089600000, 0x0000000100000000)
  region size 1024K, 31 young (31744K), 2 survivors (2048K)
 Metaspace       used 65115K, committed 65792K, reserved 1114112K
  class space    used 8797K, committed 9088K, reserved 1048576K
}
Event: 24.494 GC heap after
{Heap after GC invocations=16 (full 0):
 garbage-first heap   total 66560K, used 30073K [0x0000000089600000, 0x0000000100000000)
  region size 1024K, 4 young (4096K), 4 survivors (4096K)
 Metaspace       used 65115K, committed 65792K, reserved 1114112K
  class space    used 8797K, committed 9088K, reserved 1048576K
}
Event: 26.221 GC heap before
{Heap before GC invocations=16 (full 0):
 garbage-first heap   total 66560K, used 57721K [0x0000000089600000, 0x0000000100000000)
  region size 1024K, 31 young (31744K), 4 survivors (4096K)
 Metaspace       used 68448K, committed 69184K, reserved 1114112K
  class space    used 9269K, committed 9600K, reserved 1048576K
}
Event: 26.232 GC heap after
{Heap after GC invocations=17 (full 0):
 garbage-first heap   total 67584K, used 33193K [0x0000000089600000, 0x0000000100000000)
  region size 1024K, 4 young (4096K), 4 survivors (4096K)
 Metaspace       used 68448K, committed 69184K, reserved 1114112K
  class space    used 9269K, committed 9600K, reserved 1048576K
}

