# JRE version: Java(TM) SE Runtime Environment (21.0.4+8) (build 21.0.4+8-LTS-274)
# Java VM: Java HotSpot(TM) 64-Bit Server VM (21.0.4+8-LTS-274, mixed mode, sharing, tiered, compressed oops, compressed class ptrs, g1 gc, windows-amd64)
GC Precious Log:
 CardTable entry size: 512
 Card Set container configuration: InlinePtr #cards 5 size 8 Array Of Cards #cards 12 size 40 Howl #buckets 4 coarsen threshold 1843 Howl Bitmap #cards 512 size 80 coarsen threshold 460 Card regions per heap region 1 cards per card region 2048
 CPUs: 4 total, 4 available
 Memory: 7587M
 Large Page Support: Disabled
 NUMA Support: Disabled
 Compressed Oops: Enabled (32-bit)
 Heap Region Size: 1M
 Heap Min Capacity: 8M
 Heap Initial Capacity: 120M
 Heap Max Capacity: 1898M
 Pre-touch: Disabled
 Parallel Workers: 4
 Concurrent Workers: 1
 Concurrent Refinement Workers: 4
 Periodic GC: Disabled
Heap:
 garbage-first heap   total 79872K, used 56293K [0x0000000089600000, 0x0000000100000000)
  region size 1024K, 28 young (28672K), 3 survivors (3072K)
 Metaspace       used 73532K, committed 74368K, reserved 1114112K
  class space    used 9939K, committed 10304K, reserved 1048576K
GC Heap History (20 events):
Event: 3.369 GC heap before
{Heap before GC invocations=5 (full 0):
 garbage-first heap   total 55296K, used 40142K [0x0000000089600000, 0x0000000100000000)
  region size 1024K, 32 young (32768K), 7 survivors (7168K)
 Metaspace       used 24869K, committed 25152K, reserved 1114112K
  class space    used 3124K, committed 3264K, reserved 1048576K
}
Event: 3.381 GC heap after
{Heap after GC invocations=6 (full 0):
 garbage-first heap   total 55296K, used 16446K [0x0000000089600000, 0x0000000100000000)
  region size 1024K, 3 young (3072K), 3 survivors (3072K)
 Metaspace       used 24869K, committed 25152K, reserved 1114112K
  class space    used 3124K, committed 3264K, reserved 1048576K
}
Event: 4.333 GC heap before
{Heap before GC invocations=6 (full 0):
 garbage-first heap   total 55296K, used 42046K [0x0000000089600000, 0x0000000100000000)
  region size 1024K, 28 young (28672K), 3 survivors (3072K)
 Metaspace       used 29366K, committed 29888K, reserved 1114112K
  class space    used 3796K, committed 4032K, reserved 1048576K
}
Event: 4.346 GC heap after
{Heap after GC invocations=7 (full 0):
 garbage-first heap   total 55296K, used 18911K [0x0000000089600000, 0x0000000100000000)
  region size 1024K, 3 young (3072K), 3 survivors (3072K)
 Metaspace       used 29366K, committed 29888K, reserved 1114112K
  class space    used 3796K, committed 4032K, reserved 1048576K
}
Event: 5.252 GC heap before
{Heap before GC invocations=7 (full 0):
 garbage-first heap   total 55296K, used 43487K [0x0000000089600000, 0x0000000100000000)
  region size 1024K, 28 young (28672K), 3 survivors (3072K)
 Metaspace       used 35583K, committed 36032K, reserved 1114112K
  class space    used 4521K, committed 4736K, reserved 1048576K
}
Event: 5.263 GC heap after
{Heap after GC invocations=8 (full 0):
 garbage-first heap   total 66560K, used 21891K [0x0000000089600000, 0x0000000100000000)
  region size 1024K, 3 young (3072K), 3 survivors (3072K)
 Metaspace       used 35583K, committed 36032K, reserved 1114112K
  class space    used 4521K, committed 4736K, reserved 1048576K
}
Event: 5.272 GC heap before
{Heap before GC invocations=8 (full 0):
 garbage-first heap   total 66560K, used 21891K [0x0000000089600000, 0x0000000100000000)
  region size 1024K, 4 young (4096K), 3 survivors (3072K)
 Metaspace       used 35658K, committed 36096K, reserved 1114112K
  class space    used 4530K, committed 4736K, reserved 1048576K
}
Event: 5.277 GC heap after
{Heap after GC invocations=9 (full 0):
 garbage-first heap   total 66560K, used 22297K [0x0000000089600000, 0x0000000100000000)
  region size 1024K, 1 young (1024K), 1 survivors (1024K)
 Metaspace       used 35658K, committed 36096K, reserved 1114112K
  class space    used 4530K, committed 4736K, reserved 1048576K
}
Event: 6.819 GC heap before
{Heap before GC invocations=10 (full 0):
 garbage-first heap   total 66560K, used 55065K [0x0000000089600000, 0x0000000100000000)
  region size 1024K, 33 young (33792K), 1 survivors (1024K)
 Metaspace       used 43904K, committed 44480K, reserved 1114112K
  class space    used 5799K, committed 6016K, reserved 1048576K
}
Event: 6.824 GC heap after
{Heap after GC invocations=11 (full 0):
 garbage-first heap   total 66560K, used 24358K [0x0000000089600000, 0x0000000100000000)
  region size 1024K, 3 young (3072K), 3 survivors (3072K)
 Metaspace       used 43904K, committed 44480K, reserved 1114112K
  class space    used 5799K, committed 6016K, reserved 1048576K
}
Event: 7.597 GC heap before
{Heap before GC invocations=11 (full 0):
 garbage-first heap   total 66560K, used 55078K [0x0000000089600000, 0x0000000100000000)
  region size 1024K, 34 young (34816K), 3 survivors (3072K)
 Metaspace       used 53018K, committed 53632K, reserved 1114112K
  class space    used 7010K, committed 7296K, reserved 1048576K
}
Event: 7.605 GC heap after
{Heap after GC invocations=12 (full 0):
 garbage-first heap   total 66560K, used 25558K [0x0000000089600000, 0x0000000100000000)
  region size 1024K, 4 young (4096K), 4 survivors (4096K)
 Metaspace       used 53018K, committed 53632K, reserved 1114112K
  class space    used 7010K, committed 7296K, reserved 1048576K
}
Event: 8.245 GC heap before
{Heap before GC invocations=12 (full 0):
 garbage-first heap   total 66560K, used 58326K [0x0000000089600000, 0x0000000100000000)
  region size 1024K, 36 young (36864K), 4 survivors (4096K)
 Metaspace       used 59282K, committed 59904K, reserved 1114112K
  class space    used 8020K, committed 8320K, reserved 1048576K
}
Event: 8.253 GC heap after
{Heap after GC invocations=13 (full 0):
 garbage-first heap   total 66560K, used 27023K [0x0000000089600000, 0x0000000100000000)
  region size 1024K, 3 young (3072K), 3 survivors (3072K)
 Metaspace       used 59282K, committed 59904K, reserved 1114112K
  class space    used 8020K, committed 8320K, reserved 1048576K
}
Event: 10.974 GC heap before
{Heap before GC invocations=13 (full 0):
 garbage-first heap   total 66560K, used 31119K [0x0000000089600000, 0x0000000100000000)
  region size 1024K, 8 young (8192K), 3 survivors (3072K)
 Metaspace       used 60106K, committed 60736K, reserved 1114112K
  class space    used 8093K, committed 8384K, reserved 1048576K
}
Event: 10.981 GC heap after
{Heap after GC invocations=14 (full 0):
 garbage-first heap   total 66560K, used 27208K [0x0000000089600000, 0x0000000100000000)
  region size 1024K, 2 young (2048K), 2 survivors (2048K)
 Metaspace       used 60106K, committed 60736K, reserved 1114112K
  class space    used 8093K, committed 8384K, reserved 1048576K
}
Event: 11.887 GC heap before
{Heap before GC invocations=15 (full 0):
 garbage-first heap   total 66560K, used 59976K [0x0000000089600000, 0x0000000100000000)
  region size 1024K, 34 young (34816K), 2 survivors (2048K)
 Metaspace       used 65133K, committed 65792K, reserved 1114112K
  class space    used 8801K, committed 9088K, reserved 1048576K
}
Event: 11.895 GC heap after
{Heap after GC invocations=16 (full 0):
 garbage-first heap   total 66560K, used 30231K [0x0000000089600000, 0x0000000100000000)
  region size 1024K, 5 young (5120K), 5 survivors (5120K)
 Metaspace       used 65133K, committed 65792K, reserved 1114112K
  class space    used 8801K, committed 9088K, reserved 1048576K
}
Event: 12.711 GC heap before
{Heap before GC invocations=16 (full 0):
 garbage-first heap   total 66560K, used 56855K [0x0000000089600000, 0x0000000100000000)
  region size 1024K, 31 young (31744K), 5 survivors (5120K)
 Metaspace       used 68637K, committed 69376K, reserved 1114112K
  class space    used 9296K, committed 9600K, reserved 1048576K
}
Event: 12.722 GC heap after
{Heap after GC invocations=17 (full 0):
 garbage-first heap   total 79872K, used 32741K [0x0000000089600000, 0x0000000100000000)
  region size 1024K, 3 young (3072K), 3 survivors (3072K)
 Metaspace       used 68637K, committed 69376K, reserved 1114112K
  class space    used 9296K, committed 9600K, reserved 1048576K
}

